=== Training Job started on Wed Sep 17 22:14:58 UTC 2025 ===
Running on node: avm-a100-d-10.novalocal
[INFO] Device: cuda
[INFO] Experiment group: exp-uued
[INFO] Data analysis:

=== CLASS DISTRIBUTION FROM CSV===
Total samples: 123690
--------------------------------------------------
kermit          | Pos: 41853 ( 33.8%) | Neg: 81837 ( 66.2%) | Ratio: 1:2.0
miss_piggy      | Pos: 18659 ( 15.1%) | Neg: 105031 ( 84.9%) | Ratio: 1:5.6
cook            | Pos: 15087 ( 12.2%) | Neg: 108603 ( 87.8%) | Ratio: 1:7.2
statler_waldorf | Pos: 6227 (  5.0%) | Neg: 117463 ( 95.0%) | Ratio: 1:18.9
rowlf_the_dog   | Pos: 12590 ( 10.2%) | Neg: 111100 ( 89.8%) | Ratio: 1:8.8
fozzie_bear     | Pos: 22384 ( 18.1%) | Neg: 101306 ( 81.9%) | Ratio: 1:4.5
--------------------------------------------------
[INFO] Total experiments to run: 5

============================================================
EXPERIMENT 1/5
Config: {'model_name': 'effnetb2', 'unfreeze_encoder_layers': 2, 'num_epochs': 2, 'batch_size': 32, 'learning_rate': 0.0001, 'weight_decay': 0.001, 'output_threshold': 0.4, 'max_weight': 3, 'train_split': None, 'test_split': None, 'val_split': None, 'episodes': {'train': [['02-04-04', '03-04-17', '03-04-03', 'cook1']], 'test': [['02-01-01']], 'val': [[]]}}
============================================================
[INFO] Created new effnetb2 model.
[INFO] Total parameters: 7,709,448
[INFO] Trainable parameters: 3,242,706 (42.06%)
No few-shot sampling applied.

=== CLASS DISTRIBUTION FROM TRAINING===
Total samples: 87726
--------------------------------------------------
kermit          | Pos: 36410 ( 41.5%) | Neg: 51316 ( 58.5%) | Ratio: 1:1.4
miss_piggy      | Pos: 16998 ( 19.4%) | Neg: 70728 ( 80.6%) | Ratio: 1:4.2
cook            | Pos: 5748 (  6.6%) | Neg: 81978 ( 93.4%) | Ratio: 1:14.3
statler_waldorf | Pos: 4412 (  5.0%) | Neg: 83314 ( 95.0%) | Ratio: 1:18.9
rowlf_the_dog   | Pos: 8290 (  9.4%) | Neg: 79436 ( 90.6%) | Ratio: 1:9.6
fozzie_bear     | Pos: 13698 ( 15.6%) | Neg: 74028 ( 84.4%) | Ratio: 1:5.4
--------------------------------------------------

=== CLASS DISTRIBUTION FROM TESTING===
Total samples: 28490
--------------------------------------------------
kermit          | Pos: 5443 ( 19.1%) | Neg: 23047 ( 80.9%) | Ratio: 1:4.2
miss_piggy      | Pos: 1661 (  5.8%) | Neg: 26829 ( 94.2%) | Ratio: 1:16.2
cook            | Pos: 1865 (  6.5%) | Neg: 26625 ( 93.5%) | Ratio: 1:14.3
statler_waldorf | Pos: 1815 (  6.4%) | Neg: 26675 ( 93.6%) | Ratio: 1:14.7
rowlf_the_dog   | Pos: 4300 ( 15.1%) | Neg: 24190 ( 84.9%) | Ratio: 1:5.6
fozzie_bear     | Pos: 8686 ( 30.5%) | Neg: 19804 ( 69.5%) | Ratio: 1:2.3
--------------------------------------------------
[INFO] Starting experiment: effnetb2_unfreeze2_episodes_e2_bs32_lr0.0001_wd0.001_th0.4_mw3_2025-09-17_22-15-07

Epoch 1/2
  Train - Loss: 0.0907
  Train - Accuracy per class: ['0.9278', '0.9667', '0.9783', '0.9845', '0.9775', '0.9575']
  Train - Precision per class: ['0.8928', '0.9139', '0.8241', '0.8290', '0.8807', '0.8671']
  Train - Recall per class: ['0.9387', '0.9144', '0.8495', '0.8704', '0.8815', '0.8596']
  Train - F1 per class: ['0.9152', '0.9142', '0.8366', '0.8492', '0.8811', '0.8634']
  Train - Average Precision per class: ['0.9763', '0.9739', '0.9294', '0.9427', '0.9562', '0.9420']
  Train - mAP: 0.9534
  Test - Loss: 0.2603
  Plain - Loss: 0.2603
  Test - Accuracy per class: ['0.9501', '0.9492', '0.9372', '0.9975', '0.8926', '0.8539']
  Test - Precision per class: ['0.9681', '0.8741', '0.9130', '0.9943', '0.9654', '0.9801']
  Test - Recall per class: ['0.7641', '0.1505', '0.0450', '0.9664', '0.2988', '0.5318']
  Test - F1 per class: ['0.8541', '0.2568', '0.0858', '0.9802', '0.4564', '0.6895']
  Test - Average Precision per class: ['0.9524', '0.3458', '0.3854', '0.9927', '0.6915', '0.9391']
  Test - mAP: 0.7178

Epoch 2/2
  Train - Loss: 0.0388
  Train - Accuracy per class: ['0.9652', '0.9890', '0.9919', '0.9976', '0.9941', '0.9819']
  Train - Precision per class: ['0.9498', '0.9715', '0.9357', '0.9781', '0.9657', '0.9331']
  Train - Recall per class: ['0.9673', '0.9719', '0.9410', '0.9739', '0.9723', '0.9525']
  Train - F1 per class: ['0.9585', '0.9717', '0.9383', '0.9760', '0.9690', '0.9427']
  Train - Average Precision per class: ['0.9922', '0.9951', '0.9838', '0.9920', '0.9940', '0.9863']
  Train - mAP: 0.9906
  Test - Loss: 0.2707
  Plain - Loss: 0.2707
  Test - Accuracy per class: ['0.9542', '0.9437', '0.9391', '0.9985', '0.9191', '0.8133']
  Test - Precision per class: ['0.9298', '0.5588', '0.7172', '0.9917', '0.9182', '0.9806']
  Test - Recall per class: ['0.8225', '0.1601', '0.1142', '0.9851', '0.5091', '0.3953']
  Test - F1 per class: ['0.8729', '0.2489', '0.1970', '0.9884', '0.6550', '0.5635']
  Test - Average Precision per class: ['0.9325', '0.3057', '0.3254', '0.9914', '0.7000', '0.9166']
  Test - mAP: 0.6953
[INFO] Training completed in 1247.637s
[INFO] Saving model to: models/effnetb2_unfreeze2_episodes_e2_bs32_lr0.0001_wd0.001_th0.4_mw3_2025-09-17_22-15-07.pth

============================================================
EXPERIMENT 2/5
Config: {'model_name': 'effnetb2', 'unfreeze_encoder_layers': 2, 'num_epochs': 2, 'batch_size': 32, 'learning_rate': 0.0001, 'weight_decay': 0.001, 'output_threshold': 0.4, 'max_weight': 3, 'train_split': None, 'test_split': None, 'val_split': None, 'episodes': {'train': [['02-01-01', '03-04-17', '03-04-03', 'cook1']], 'test': [['02-04-04']], 'val': [[]]}}
============================================================
[INFO] Created new effnetb2 model.
[INFO] Total parameters: 7,709,448
[INFO] Trainable parameters: 3,242,706 (42.06%)
No few-shot sampling applied.

=== CLASS DISTRIBUTION FROM TRAINING===
Total samples: 88202
--------------------------------------------------
kermit          | Pos: 29608 ( 33.6%) | Neg: 58594 ( 66.4%) | Ratio: 1:2.0
miss_piggy      | Pos: 15403 ( 17.5%) | Neg: 72799 ( 82.5%) | Ratio: 1:4.7
cook            | Pos: 7388 (  8.4%) | Neg: 80814 ( 91.6%) | Ratio: 1:10.9
statler_waldorf | Pos: 5157 (  5.8%) | Neg: 83045 ( 94.2%) | Ratio: 1:16.1
rowlf_the_dog   | Pos: 11262 ( 12.8%) | Neg: 76940 ( 87.2%) | Ratio: 1:6.8
fozzie_bear     | Pos: 21046 ( 23.9%) | Neg: 67156 ( 76.1%) | Ratio: 1:3.2
--------------------------------------------------

=== CLASS DISTRIBUTION FROM TESTING===
Total samples: 28014
--------------------------------------------------
kermit          | Pos: 12245 ( 43.7%) | Neg: 15769 ( 56.3%) | Ratio: 1:1.3
miss_piggy      | Pos: 3256 ( 11.6%) | Neg: 24758 ( 88.4%) | Ratio: 1:7.6
cook            | Pos:  225 (  0.8%) | Neg: 27789 ( 99.2%) | Ratio: 1:123.5
statler_waldorf | Pos: 1070 (  3.8%) | Neg: 26944 ( 96.2%) | Ratio: 1:25.2
rowlf_the_dog   | Pos: 1328 (  4.7%) | Neg: 26686 ( 95.3%) | Ratio: 1:20.1
fozzie_bear     | Pos: 1338 (  4.8%) | Neg: 26676 ( 95.2%) | Ratio: 1:19.9
--------------------------------------------------
[INFO] Starting experiment: effnetb2_unfreeze2_episodes_e2_bs32_lr0.0001_wd0.001_th0.4_mw3_2025-09-17_22-36-00

Epoch 1/2
  Train - Loss: 0.0931
  Train - Accuracy per class: ['0.9342', '0.9674', '0.9784', '0.9839', '0.9746', '0.9501']
  Train - Precision per class: ['0.8862', '0.9100', '0.8591', '0.8471', '0.9006', '0.8892']
  Train - Recall per class: ['0.9226', '0.9029', '0.8882', '0.8850', '0.9007', '0.9033']
  Train - F1 per class: ['0.9040', '0.9064', '0.8734', '0.8656', '0.9006', '0.8962']
  Train - Average Precision per class: ['0.9703', '0.9685', '0.9507', '0.9520', '0.9680', '0.9658']
  Train - mAP: 0.9625
  Test - Loss: 0.1563
  Plain - Loss: 0.1563
  Test - Accuracy per class: ['0.8112', '0.9662', '0.9803', '0.9993', '0.9721', '0.9901']
  Test - Precision per class: ['0.9738', '0.9181', '0.2549', '0.9925', '0.8423', '0.9935']
  Test - Recall per class: ['0.5837', '0.7783', '0.7556', '0.9879', '0.5068', '0.7990']
  Test - F1 per class: ['0.7299', '0.8424', '0.3812', '0.9902', '0.6328', '0.8857']
  Test - Average Precision per class: ['0.9214', '0.8698', '0.2789', '0.9872', '0.7553', '0.9377']
  Test - mAP: 0.7917

Epoch 2/2
  Train - Loss: 0.0397
  Train - Accuracy per class: ['0.9684', '0.9901', '0.9924', '0.9971', '0.9925', '0.9778']
  Train - Precision per class: ['0.9434', '0.9709', '0.9548', '0.9741', '0.9675', '0.9461']
  Train - Recall per class: ['0.9635', '0.9722', '0.9544', '0.9765', '0.9738', '0.9616']
  Train - F1 per class: ['0.9534', '0.9716', '0.9546', '0.9753', '0.9707', '0.9538']
  Train - Average Precision per class: ['0.9905', '0.9950', '0.9891', '0.9930', '0.9947', '0.9905']
  Train - mAP: 0.9921
  Test - Loss: 0.1732
  Plain - Loss: 0.1732
  Test - Accuracy per class: ['0.8015', '0.9734', '0.9933', '0.9993', '0.9744', '0.9818']
  Test - Precision per class: ['0.9810', '0.9798', '0.5559', '0.9934', '0.9179', '0.9859']
  Test - Recall per class: ['0.5567', '0.7878', '0.7956', '0.9869', '0.5053', '0.6286']
  Test - F1 per class: ['0.7103', '0.8733', '0.6545', '0.9902', '0.6518', '0.7677']
  Test - Average Precision per class: ['0.9097', '0.9135', '0.8417', '0.9907', '0.8124', '0.8026']
  Test - mAP: 0.8784
[INFO] Training completed in 1064.786s
[INFO] Saving model to: models/effnetb2_unfreeze2_episodes_e2_bs32_lr0.0001_wd0.001_th0.4_mw3_2025-09-17_22-36-00.pth

============================================================
EXPERIMENT 3/5
Config: {'model_name': 'effnetb2', 'unfreeze_encoder_layers': 2, 'num_epochs': 2, 'batch_size': 32, 'learning_rate': 0.0001, 'weight_decay': 0.001, 'output_threshold': 0.4, 'max_weight': 3, 'train_split': None, 'test_split': None, 'val_split': None, 'episodes': {'train': [['02-01-01', '02-04-04', '03-04-03', 'cook1']], 'test': [['03-04-17']], 'val': [[]]}}
============================================================
[INFO] Created new effnetb2 model.
[INFO] Total parameters: 7,709,448
[INFO] Trainable parameters: 3,242,706 (42.06%)
No few-shot sampling applied.

=== CLASS DISTRIBUTION FROM TRAINING===
Total samples: 86383
--------------------------------------------------
kermit          | Pos: 33193 ( 38.4%) | Neg: 53190 ( 61.6%) | Ratio: 1:1.6
miss_piggy      | Pos: 9508 ( 11.0%) | Neg: 76875 ( 89.0%) | Ratio: 1:8.1
cook            | Pos: 3446 (  4.0%) | Neg: 82937 ( 96.0%) | Ratio: 1:24.1
statler_waldorf | Pos: 3740 (  4.3%) | Neg: 82643 ( 95.7%) | Ratio: 1:22.1
rowlf_the_dog   | Pos: 6218 (  7.2%) | Neg: 80165 ( 92.8%) | Ratio: 1:12.9
fozzie_bear     | Pos: 17477 ( 20.2%) | Neg: 68906 ( 79.8%) | Ratio: 1:3.9
--------------------------------------------------

=== CLASS DISTRIBUTION FROM TESTING===
Total samples: 29833
--------------------------------------------------
kermit          | Pos: 8660 ( 29.0%) | Neg: 21173 ( 71.0%) | Ratio: 1:2.4
miss_piggy      | Pos: 9151 ( 30.7%) | Neg: 20682 ( 69.3%) | Ratio: 1:2.3
cook            | Pos: 4167 ( 14.0%) | Neg: 25666 ( 86.0%) | Ratio: 1:6.2
statler_waldorf | Pos: 2487 (  8.3%) | Neg: 27346 ( 91.7%) | Ratio: 1:11.0
rowlf_the_dog   | Pos: 6372 ( 21.4%) | Neg: 23461 ( 78.6%) | Ratio: 1:3.7
fozzie_bear     | Pos: 4907 ( 16.4%) | Neg: 24926 ( 83.6%) | Ratio: 1:5.1
--------------------------------------------------
[INFO] Starting experiment: effnetb2_unfreeze2_episodes_e2_bs32_lr0.0001_wd0.001_th0.4_mw3_2025-09-17_22-53-49

Epoch 1/2
  Train - Loss: 0.0877
  Train - Accuracy per class: ['0.9219', '0.9716', '0.9807', '0.9896', '0.9834', '0.9518']
  Train - Precision per class: ['0.8783', '0.8809', '0.7528', '0.8457', '0.8801', '0.8803']
  Train - Recall per class: ['0.9248', '0.8584', '0.7678', '0.9289', '0.8910', '0.8814']
  Train - F1 per class: ['0.9009', '0.8695', '0.7602', '0.8853', '0.8855', '0.8809']
  Train - Average Precision per class: ['0.9681', '0.9479', '0.8653', '0.9666', '0.9591', '0.9556']
  Train - mAP: 0.9438
  Test - Loss: 0.6595
  Plain - Loss: 0.6595
  Test - Accuracy per class: ['0.9471', '0.7100', '0.8574', '0.9004', '0.8099', '0.8621']
  Test - Precision per class: ['0.9822', '0.9902', '0.2857', '0.1810', '0.9377', '0.9962']
  Test - Recall per class: ['0.8330', '0.0551', '0.0139', '0.0551', '0.1180', '0.1624']
  Test - F1 per class: ['0.9015', '0.1043', '0.0265', '0.0845', '0.2096', '0.2793']
  Test - Average Precision per class: ['0.9752', '0.7581', '0.7797', '0.2845', '0.5304', '0.9587']
  Test - mAP: 0.7144

Epoch 2/2
  Train - Loss: 0.0376
  Train - Accuracy per class: ['0.9631', '0.9920', '0.9945', '0.9989', '0.9965', '0.9791']
  Train - Precision per class: ['0.9437', '0.9657', '0.9394', '0.9895', '0.9755', '0.9415']
  Train - Recall per class: ['0.9613', '0.9615', '0.9228', '0.9856', '0.9752', '0.9560']
  Train - F1 per class: ['0.9524', '0.9636', '0.9310', '0.9875', '0.9754', '0.9487']
  Train - Average Precision per class: ['0.9894', '0.9903', '0.9745', '0.9909', '0.9955', '0.9883']
  Train - mAP: 0.9882
  Test - Loss: 0.5996
  Plain - Loss: 0.5996
  Test - Accuracy per class: ['0.8722', '0.7299', '0.8617', '0.9001', '0.8125', '0.8607']
  Test - Precision per class: ['0.9487', '0.9558', '0.5621', '0.1828', '0.8875', '0.9562']
  Test - Recall per class: ['0.5917', '0.1253', '0.0456', '0.0571', '0.1398', '0.1602']
  Test - F1 per class: ['0.7288', '0.2216', '0.0844', '0.0870', '0.2416', '0.2744']
  Test - Average Precision per class: ['0.9230', '0.7697', '0.7834', '0.1383', '0.5281', '0.9057']
  Test - mAP: 0.6747
[INFO] Training completed in 1157.071s
[INFO] Saving model to: models/effnetb2_unfreeze2_episodes_e2_bs32_lr0.0001_wd0.001_th0.4_mw3_2025-09-17_22-53-49.pth

============================================================
EXPERIMENT 4/5
Config: {'model_name': 'effnetb2', 'unfreeze_encoder_layers': 2, 'num_epochs': 2, 'batch_size': 32, 'learning_rate': 0.0001, 'weight_decay': 0.001, 'output_threshold': 0.4, 'max_weight': 3, 'train_split': None, 'test_split': None, 'val_split': None, 'episodes': {'train': [['02-01-01', '02-04-04', '03-04-17', 'cook1']], 'test': [['03-04-03']], 'val': [[]]}}
============================================================
[INFO] Created new effnetb2 model.
[INFO] Total parameters: 7,709,448
[INFO] Trainable parameters: 3,242,706 (42.06%)
No few-shot sampling applied.

=== CLASS DISTRIBUTION FROM TRAINING===
Total samples: 86337
--------------------------------------------------
kermit          | Pos: 26348 ( 30.5%) | Neg: 59989 ( 69.5%) | Ratio: 1:2.3
miss_piggy      | Pos: 14068 ( 16.3%) | Neg: 72269 ( 83.7%) | Ratio: 1:5.1
cook            | Pos: 6257 (  7.2%) | Neg: 80080 ( 92.8%) | Ratio: 1:12.8
statler_waldorf | Pos: 5372 (  6.2%) | Neg: 80965 ( 93.8%) | Ratio: 1:15.1
rowlf_the_dog   | Pos: 12000 ( 13.9%) | Neg: 74337 ( 86.1%) | Ratio: 1:6.2
fozzie_bear     | Pos: 14931 ( 17.3%) | Neg: 71406 ( 82.7%) | Ratio: 1:4.8
--------------------------------------------------

=== CLASS DISTRIBUTION FROM TESTING===
Total samples: 29879
--------------------------------------------------
kermit          | Pos: 15505 ( 51.9%) | Neg: 14374 ( 48.1%) | Ratio: 1:0.9
miss_piggy      | Pos: 4591 ( 15.4%) | Neg: 25288 ( 84.6%) | Ratio: 1:5.5
cook            | Pos: 1356 (  4.5%) | Neg: 28523 ( 95.5%) | Ratio: 1:21.0
statler_waldorf | Pos:  855 (  2.9%) | Neg: 29024 ( 97.1%) | Ratio: 1:33.9
rowlf_the_dog   | Pos:  590 (  2.0%) | Neg: 29289 ( 98.0%) | Ratio: 1:49.6
fozzie_bear     | Pos: 7453 ( 24.9%) | Neg: 22426 ( 75.1%) | Ratio: 1:3.0
--------------------------------------------------
[INFO] Starting experiment: effnetb2_unfreeze2_episodes_e2_bs32_lr0.0001_wd0.001_th0.4_mw3_2025-09-17_23-13-39

Epoch 1/2
  Train - Loss: 0.0722
  Train - Accuracy per class: ['0.9529', '0.9759', '0.9842', '0.9856', '0.9731', '0.9742']
  Train - Precision per class: ['0.9146', '0.9184', '0.8641', '0.8688', '0.9061', '0.9252']
  Train - Recall per class: ['0.9327', '0.9349', '0.9274', '0.9049', '0.8995', '0.9258']
  Train - F1 per class: ['0.9235', '0.9266', '0.8946', '0.8865', '0.9028', '0.9255']
  Train - Average Precision per class: ['0.9791', '0.9815', '0.9713', '0.9605', '0.9684', '0.9789']
  Train - mAP: 0.9733
  Test - Loss: 0.3635
  Plain - Loss: 0.3635
  Test - Accuracy per class: ['0.7152', '0.8924', '0.9541', '0.9960', '0.9987', '0.7767']
  Test - Precision per class: ['0.8756', '0.9804', '0.4840', '0.9412', '0.9435', '0.8804']
  Test - Recall per class: ['0.5260', '0.3058', '0.1785', '0.9170', '0.9915', '0.1214']
  Test - F1 per class: ['0.6572', '0.4662', '0.2608', '0.9289', '0.9669', '0.2134']
  Test - Average Precision per class: ['0.8583', '0.6549', '0.3351', '0.9608', '0.9978', '0.5445']
  Test - mAP: 0.7252

Epoch 2/2
  Train - Loss: 0.0274
  Train - Accuracy per class: ['0.9788', '0.9935', '0.9960', '0.9974', '0.9915', '0.9908']
  Train - Precision per class: ['0.9603', '0.9795', '0.9677', '0.9797', '0.9659', '0.9701']
  Train - Recall per class: ['0.9706', '0.9804', '0.9770', '0.9784', '0.9734', '0.9767']
  Train - F1 per class: ['0.9655', '0.9799', '0.9723', '0.9790', '0.9697', '0.9734']
  Train - Average Precision per class: ['0.9940', '0.9969', '0.9963', '0.9934', '0.9950', '0.9957']
  Train - mAP: 0.9952
  Test - Loss: 0.3466
  Plain - Loss: 0.3466
  Test - Accuracy per class: ['0.7449', '0.8781', '0.9558', '0.9920', '0.9927', '0.7797']
  Test - Precision per class: ['0.8225', '0.9877', '0.5738', '0.7866', '0.7308', '0.7323']
  Test - Recall per class: ['0.6484', '0.2095', '0.1003', '0.9871', '0.9983', '0.1842']
  Test - F1 per class: ['0.7251', '0.3457', '0.1707', '0.8755', '0.8438', '0.2944']
  Test - Average Precision per class: ['0.8576', '0.5415', '0.2725', '0.9617', '0.9959', '0.5882']
  Test - mAP: 0.7029
[INFO] Training completed in 1269.661s
[INFO] Saving model to: models/effnetb2_unfreeze2_episodes_e2_bs32_lr0.0001_wd0.001_th0.4_mw3_2025-09-17_23-13-39.pth

============================================================
EXPERIMENT 5/5
Config: {'model_name': 'effnetb2', 'unfreeze_encoder_layers': 2, 'num_epochs': 2, 'batch_size': 32, 'learning_rate': 0.0001, 'weight_decay': 0.001, 'output_threshold': 0.4, 'max_weight': 3, 'train_split': None, 'test_split': None, 'val_split': None, 'episodes': {'train': [['02-01-01', '02-04-04', '03-04-17', '03-04-03']], 'test': [['cook1']], 'val': [[]]}}
============================================================
[INFO] Created new effnetb2 model.
[INFO] Total parameters: 7,709,448
[INFO] Trainable parameters: 3,242,706 (42.06%)
No few-shot sampling applied.

=== CLASS DISTRIBUTION FROM TRAINING===
Total samples: 116216
--------------------------------------------------
kermit          | Pos: 41853 ( 36.0%) | Neg: 74363 ( 64.0%) | Ratio: 1:1.8
miss_piggy      | Pos: 18659 ( 16.1%) | Neg: 97557 ( 83.9%) | Ratio: 1:5.2
cook            | Pos: 7613 (  6.6%) | Neg: 108603 ( 93.4%) | Ratio: 1:14.3
statler_waldorf | Pos: 6227 (  5.4%) | Neg: 109989 ( 94.6%) | Ratio: 1:17.7
rowlf_the_dog   | Pos: 12590 ( 10.8%) | Neg: 103626 ( 89.2%) | Ratio: 1:8.2
fozzie_bear     | Pos: 22384 ( 19.3%) | Neg: 93832 ( 80.7%) | Ratio: 1:4.2
--------------------------------------------------

=== CLASS DISTRIBUTION FROM TESTING===
Total samples: 0
--------------------------------------------------
kermit          | Pos:    0 (  nan%) | Neg:    0 (  nan%) | Ratio: 1:inf
miss_piggy      | Pos:    0 (  nan%) | Neg:    0 (  nan%) | Ratio: 1:inf
cook            | Pos:    0 (  nan%) | Neg:    0 (  nan%) | Ratio: 1:inf
statler_waldorf | Pos:    0 (  nan%) | Neg:    0 (  nan%) | Ratio: 1:inf
rowlf_the_dog   | Pos:    0 (  nan%) | Neg:    0 (  nan%) | Ratio: 1:inf
fozzie_bear     | Pos:    0 (  nan%) | Neg:    0 (  nan%) | Ratio: 1:inf
--------------------------------------------------
[INFO] Starting experiment: effnetb2_unfreeze2_episodes_e2_bs32_lr0.0001_wd0.001_th0.4_mw3_2025-09-17_23-34-52

Epoch 1/2
  Train - Loss: 0.0824
  Train - Accuracy per class: ['0.9358', '0.9720', '0.9817', '0.9882', '0.9791', '0.9582']
  Train - Precision per class: ['0.8954', '0.9167', '0.8553', '0.8792', '0.9099', '0.8913']
  Train - Recall per class: ['0.9304', '0.9079', '0.8668', '0.9035', '0.8956', '0.8916']
  Train - F1 per class: ['0.9125', '0.9123', '0.8610', '0.8912', '0.9027', '0.8914']
  Train - Average Precision per class: ['0.9737', '0.9721', '0.9441', '0.9624', '0.9669', '0.9621']
  Train - mAP: 0.9636
[ERROR] Experiment effnetb2_unfreeze2_episodes_e2_bs32_lr0.0001_wd0.001_th0.4_mw3_2025-09-17_23-34-52 failed: float division by zero

============================================================
EXPERIMENT SUMMARY
============================================================
Total experiments: 5
[INFO] Total training time: 5348.27s (1.49h)
=== Training Job finished on Wed Sep 17 23:44:17 UTC 2025 ===
